<?xml version="1.0" encoding="UTF-8"?>
<!-- Generated by org.testng.reporters.JUnitReportReporter -->
<testsuite skipped="0" hostname="DESKTOP-KIQLQCS" name="apidemospackage.apidemo.testcases" tests="1" failures="0" timestamp="2019-11-25T12:22:15 PKT" time="26.066" errors="0">
  <testcase name="tc_one" time="26.066" classname="apidemospackage.apidemo.testcases"/>
</testsuite> <!-- apidemospackage.apidemo.testcases -->
