<?xml version="1.0" encoding="UTF-8"?>
<!-- Generated by org.testng.reporters.JUnitReportReporter -->
<testsuite skipped="0" hostname="DESKTOP-KIQLQCS" name="apidemospackage.mixed" tests="1" failures="0" timestamp="2019-11-26T12:02:28 PKT" time="28.237" errors="0">
  <testcase name="tc_one" time="28.237" classname="apidemospackage.mixed"/>
</testsuite> <!-- apidemospackage.mixed -->
